<?xml version="1.0" encoding="UTF-8"?>
<testng-results ignored="0" total="2" passed="2" failed="0" skipped="0">
  <reporter-output>
  </reporter-output>
  <suite started-at="2025-05-22T12:24:44 IST" name="MasterSuite" finished-at="2025-05-22T12:25:01 IST" duration-ms="17021">
    <groups>
      <group name="regression">
        <method signature="TC02_AccLogin.acc_login()[pri:0, instance:testCases.TC02_AccLogin@363a52f]" name="acc_login" class="testCases.TC02_AccLogin"/>
      </group> <!-- regression -->
      <group name="sanity">
        <method signature="TC01_NewAccRegistration.verify_acc_registrations()[pri:0, instance:testCases.TC01_NewAccRegistration@1800a575]" name="verify_acc_registrations" class="testCases.TC01_NewAccRegistration"/>
      </group> <!-- sanity -->
      <group name="master">
        <method signature="TC01_NewAccRegistration.verify_acc_registrations()[pri:0, instance:testCases.TC01_NewAccRegistration@1800a575]" name="verify_acc_registrations" class="testCases.TC01_NewAccRegistration"/>
        <method signature="TC02_AccLogin.acc_login()[pri:0, instance:testCases.TC02_AccLogin@363a52f]" name="acc_login" class="testCases.TC02_AccLogin"/>
      </group> <!-- master -->
    </groups>
    <test started-at="2025-05-22T12:24:44 IST" name="MasterTest" finished-at="2025-05-22T12:25:01 IST" duration-ms="17021">
      <class name="testCases.TC01_NewAccRegistration">
        <test-method is-config="true" signature="setup(java.lang.String,java.lang.String)[pri:0, instance:testCases.TC01_NewAccRegistration@1800a575]" started-at="2025-05-22T12:24:44 IST" name="setup" finished-at="2025-05-22T12:24:49 IST" duration-ms="5057" status="PASS">
          <params>
            <param index="0">
              <value>
                <![CDATA[Windows]]>
              </value>
            </param>
            <param index="1">
              <value>
                <![CDATA[chrome]]>
              </value>
            </param>
          </params>
          <reporter-output>
          </reporter-output>
        </test-method> <!-- setup -->
        <test-method signature="verify_acc_registrations()[pri:0, instance:testCases.TC01_NewAccRegistration@1800a575]" started-at="2025-05-22T12:24:49 IST" name="verify_acc_registrations" finished-at="2025-05-22T12:24:53 IST" duration-ms="3696" status="PASS">
          <reporter-output>
          </reporter-output>
        </test-method> <!-- verify_acc_registrations -->
        <test-method is-config="true" signature="teardown()[pri:0, instance:testCases.TC01_NewAccRegistration@1800a575]" started-at="2025-05-22T12:24:53 IST" name="teardown" finished-at="2025-05-22T12:24:53 IST" duration-ms="239" status="PASS">
          <reporter-output>
          </reporter-output>
        </test-method> <!-- teardown -->
      </class> <!-- testCases.TC01_NewAccRegistration -->
      <class name="testCases.TC02_AccLogin">
        <test-method is-config="true" signature="setup(java.lang.String,java.lang.String)[pri:0, instance:testCases.TC02_AccLogin@363a52f]" started-at="2025-05-22T12:24:53 IST" name="setup" finished-at="2025-05-22T12:24:58 IST" duration-ms="5050" status="PASS">
          <params>
            <param index="0">
              <value>
                <![CDATA[Windows]]>
              </value>
            </param>
            <param index="1">
              <value>
                <![CDATA[chrome]]>
              </value>
            </param>
          </params>
          <reporter-output>
          </reporter-output>
        </test-method> <!-- setup -->
        <test-method signature="acc_login()[pri:0, instance:testCases.TC02_AccLogin@363a52f]" started-at="2025-05-22T12:24:58 IST" name="acc_login" finished-at="2025-05-22T12:25:00 IST" duration-ms="2431" status="PASS">
          <reporter-output>
          </reporter-output>
        </test-method> <!-- acc_login -->
        <test-method is-config="true" signature="teardown()[pri:0, instance:testCases.TC02_AccLogin@363a52f]" started-at="2025-05-22T12:25:00 IST" name="teardown" finished-at="2025-05-22T12:25:01 IST" duration-ms="228" status="PASS">
          <reporter-output>
          </reporter-output>
        </test-method> <!-- teardown -->
      </class> <!-- testCases.TC02_AccLogin -->
    </test> <!-- MasterTest -->
  </suite> <!-- MasterSuite -->
</testng-results>
