<?xml version="1.0" encoding="UTF-8"?>
<testng-results ignored="0" total="2" passed="2" failed="0" skipped="0">
  <reporter-output>
  </reporter-output>
  <suite started-at="2025-05-22T11:59:49 IST" name="MasterSuite" finished-at="2025-05-22T12:00:16 IST" duration-ms="27683">
    <groups>
      <group name="regression">
        <method signature="TC02_AccLogin.acc_login()[pri:0, instance:testCases.TC02_AccLogin@445b295b]" name="acc_login" class="testCases.TC02_AccLogin"/>
      </group> <!-- regression -->
      <group name="sanity">
        <method signature="TC01_NewAccRegistration.verify_acc_registrations()[pri:0, instance:testCases.TC01_NewAccRegistration@192c3f1e]" name="verify_acc_registrations" class="testCases.TC01_NewAccRegistration"/>
      </group> <!-- sanity -->
      <group name="master">
        <method signature="TC01_NewAccRegistration.verify_acc_registrations()[pri:0, instance:testCases.TC01_NewAccRegistration@192c3f1e]" name="verify_acc_registrations" class="testCases.TC01_NewAccRegistration"/>
        <method signature="TC02_AccLogin.acc_login()[pri:0, instance:testCases.TC02_AccLogin@445b295b]" name="acc_login" class="testCases.TC02_AccLogin"/>
      </group> <!-- master -->
    </groups>
    <test started-at="2025-05-22T11:59:49 IST" name="MasterTest" finished-at="2025-05-22T12:00:16 IST" duration-ms="27683">
      <class name="testCases.TC01_NewAccRegistration">
        <test-method is-config="true" signature="setup(java.lang.String,java.lang.String)[pri:0, instance:testCases.TC01_NewAccRegistration@192c3f1e]" started-at="2025-05-22T11:59:49 IST" name="setup" finished-at="2025-05-22T11:59:59 IST" duration-ms="10093" status="PASS">
          <params>
            <param index="0">
              <value>
                <![CDATA[Windows]]>
              </value>
            </param>
            <param index="1">
              <value>
                <![CDATA[chrome]]>
              </value>
            </param>
          </params>
          <reporter-output>
          </reporter-output>
        </test-method> <!-- setup -->
        <test-method signature="verify_acc_registrations()[pri:0, instance:testCases.TC01_NewAccRegistration@192c3f1e]" started-at="2025-05-22T11:59:59 IST" name="verify_acc_registrations" finished-at="2025-05-22T12:00:09 IST" duration-ms="9415" status="PASS">
          <reporter-output>
          </reporter-output>
        </test-method> <!-- verify_acc_registrations -->
        <test-method is-config="true" signature="teardown()[pri:0, instance:testCases.TC01_NewAccRegistration@192c3f1e]" started-at="2025-05-22T12:00:09 IST" name="teardown" finished-at="2025-05-22T12:00:09 IST" duration-ms="225" status="PASS">
          <reporter-output>
          </reporter-output>
        </test-method> <!-- teardown -->
      </class> <!-- testCases.TC01_NewAccRegistration -->
      <class name="testCases.TC02_AccLogin">
        <test-method is-config="true" signature="setup(java.lang.String,java.lang.String)[pri:0, instance:testCases.TC02_AccLogin@445b295b]" started-at="2025-05-22T12:00:09 IST" name="setup" finished-at="2025-05-22T12:00:14 IST" duration-ms="4850" status="PASS">
          <params>
            <param index="0">
              <value>
                <![CDATA[Windows]]>
              </value>
            </param>
            <param index="1">
              <value>
                <![CDATA[chrome]]>
              </value>
            </param>
          </params>
          <reporter-output>
          </reporter-output>
        </test-method> <!-- setup -->
        <test-method signature="acc_login()[pri:0, instance:testCases.TC02_AccLogin@445b295b]" started-at="2025-05-22T12:00:14 IST" name="acc_login" finished-at="2025-05-22T12:00:16 IST" duration-ms="2418" status="PASS">
          <reporter-output>
          </reporter-output>
        </test-method> <!-- acc_login -->
        <test-method is-config="true" signature="teardown()[pri:0, instance:testCases.TC02_AccLogin@445b295b]" started-at="2025-05-22T12:00:16 IST" name="teardown" finished-at="2025-05-22T12:00:16 IST" duration-ms="200" status="PASS">
          <reporter-output>
          </reporter-output>
        </test-method> <!-- teardown -->
      </class> <!-- testCases.TC02_AccLogin -->
    </test> <!-- MasterTest -->
  </suite> <!-- MasterSuite -->
</testng-results>
